<?xml version="1.0" encoding="UTF-8"?>
<testng-results ignored="0" total="1" passed="1" failed="0" skipped="0">
  <reporter-output>
  </reporter-output>
  <suite started-at="2023-01-25T20:53:45 IST" name="Default suite" finished-at="2023-01-25T20:53:46 IST" duration-ms="1408">
    <groups>
    </groups>
    <test started-at="2023-01-25T20:53:45 IST" name="Default test" finished-at="2023-01-25T20:53:46 IST" duration-ms="1408">
      <class name="com.qa.tests.PostCallTest">
        <test-method is-config="true" signature="setUp()[pri:0, instance:com.qa.tests.PostCallTest@a4102b8]" started-at="2023-01-25T20:53:45 IST" name="setUp" finished-at="2023-01-25T20:53:45 IST" duration-ms="8" status="PASS">
          <reporter-output>
          </reporter-output>
        </test-method> <!-- setUp -->
        <test-method signature="postAPITest()[pri:0, instance:com.qa.tests.PostCallTest@a4102b8]" started-at="2023-01-25T20:53:45 IST" name="postAPITest" finished-at="2023-01-25T20:53:46 IST" duration-ms="1359" status="PASS">
          <reporter-output>
          </reporter-output>
        </test-method> <!-- postAPITest -->
      </class> <!-- com.qa.tests.PostCallTest -->
    </test> <!-- Default test -->
  </suite> <!-- Default suite -->
</testng-results>
